<?xml version="1.0" encoding="UTF-8"?>
<testng-results skipped="0" failed="0" total="1" passed="1">
  <reporter-output>
  </reporter-output>
  <suite name="Suite" duration-ms="7504" started-at="2019-03-18T02:18:49Z" finished-at="2019-03-18T02:18:57Z">
    <groups>
    </groups>
    <test name="Test" duration-ms="7504" started-at="2019-03-18T02:18:49Z" finished-at="2019-03-18T02:18:57Z">
      <class name="baidu.baidu01">
        <test-method status="PASS" signature="a1()[pri:0, instance:baidu.baidu01@2fc14f68]" name="a1" is-config="true" duration-ms="5220" started-at="2019-03-18T10:18:49Z" finished-at="2019-03-18T10:18:54Z">
          <reporter-output>
          </reporter-output>
        </test-method> <!-- a1 -->
        <test-method status="PASS" signature="baidu()[pri:0, instance:baidu.baidu01@2fc14f68]" name="baidu" duration-ms="2276" started-at="2019-03-18T10:18:54Z" finished-at="2019-03-18T10:18:57Z">
          <reporter-output>
          </reporter-output>
        </test-method> <!-- baidu -->
        <test-method status="PASS" signature="a4()[pri:0, instance:baidu.baidu01@2fc14f68]" name="a4" is-config="true" duration-ms="0" started-at="2019-03-18T10:18:57Z" finished-at="2019-03-18T10:18:57Z">
          <reporter-output>
          </reporter-output>
        </test-method> <!-- a4 -->
      </class> <!-- baidu.baidu01 -->
    </test> <!-- Test -->
  </suite> <!-- Suite -->
</testng-results>
